 
****************************************
Report : timing
        -path full
        -delay max
        -max_paths 1
Design : LBP
Version: T-2022.03
Date   : Mon Aug 12 14:24:52 2024
****************************************

Operating Conditions: slow   Library: slow
Wire Load Model Mode: top

  Startpoint: gray_ready (input port clocked by clk)
  Endpoint: lbp_data_reg_0_
            (rising edge-triggered flip-flop clocked by clk)
  Path Group: clk
  Path Type: max

  Des/Clust/Port     Wire Load Model       Library
  ------------------------------------------------
  LBP                tsmc13_wl10           slow

  Point                                    Incr       Path
  -----------------------------------------------------------
  clock clk (rise edge)                    0.00       0.00
  clock network delay (ideal)              0.50       0.50
  input external delay                     5.00       5.50 f
  gray_ready (in)                          0.03       5.53 f
  U475/Y (NAND2X1)                         0.43       5.96 r
  U402/Y (CLKINVX1)                        0.50       6.46 f
  U377/Y (OA21XL)                          0.47       6.93 f
  U384/Y (CLKBUFX3)                        0.75       7.68 f
  U391/Y (OAI31XL)                         0.50       8.18 r
  U390/Y (CLKBUFX3)                        0.57       8.75 r
  U386/Y (CLKINVX1)                        0.22       8.96 f
  U385/Y (CLKBUFX3)                        0.52       9.48 f
  U480/Y (OAI22XL)                         0.46       9.95 r
  lbp_data_reg_0_/D (DFFRX1)               0.00       9.95 r
  data arrival time                                   9.95

  clock clk (rise edge)                   10.00      10.00
  clock network delay (ideal)              0.50      10.50
  clock uncertainty                       -0.10      10.40
  lbp_data_reg_0_/CK (DFFRX1)              0.00      10.40 r
  library setup time                      -0.30      10.10
  data required time                                 10.10
  -----------------------------------------------------------
  data required time                                 10.10
  data arrival time                                  -9.95
  -----------------------------------------------------------
  slack (MET)                                         0.15


1
