 
****************************************
Report : area
Design : JAM
Version: T-2022.03
Date   : Tue Feb 18 22:54:11 2025
****************************************

Library(s) Used:

    slow (File: /usr/cad/lib/CBDK_IC_Contest_v2.5/SynopsysDC/db/slow.db)

Number of ports:                           91
Number of nets:                           897
Number of cells:                          759
Number of combinational cells:            650
Number of sequential cells:               106
Number of macros/black boxes:               0
Number of buf/inv:                        113
Number of references:                      59

Combinational area:               5937.505173
Buf/Inv area:                      689.144397
Noncombinational area:            3377.825920
Macro/Black Box area:                0.000000
Net Interconnect area:          109340.551331

Total cell area:                  9315.331094
Total area:                     118655.882424
1
