 
****************************************
Report : area
Design : SME
Version: T-2022.03
Date   : Mon Aug 12 14:22:17 2024
****************************************

Library(s) Used:

    slow (File: /home/nfs_cad/lib/CBDK_IC_Contest_v2.1/SynopsysDC/db/slow.db)

Number of ports:                           39
Number of nets:                          1366
Number of cells:                         1281
Number of combinational cells:            921
Number of sequential cells:               358
Number of macros/black boxes:               0
Number of buf/inv:                        120
Number of references:                      66

Combinational area:               8543.014097
Buf/Inv area:                      774.014394
Noncombinational area:            9391.714306
Macro/Black Box area:                0.000000
Net Interconnect area:          176260.899750

Total cell area:                 17934.728403
Total area:                     194195.628153
1
