 
****************************************
Report : timing
        -path full
        -delay max
        -max_paths 1
Design : SME
Version: T-2022.03
Date   : Mon Aug 12 14:22:17 2024
****************************************

Operating Conditions: slow   Library: slow
Wire Load Model Mode: top

  Startpoint: isstring (input port clocked by clk)
  Endpoint: string_reg[16][0]
            (rising edge-triggered flip-flop clocked by clk)
  Path Group: clk
  Path Type: max

  Des/Clust/Port     Wire Load Model       Library
  ------------------------------------------------
  SME                tsmc13_wl10           slow

  Point                                    Incr       Path
  -----------------------------------------------------------
  clock clk (fall edge)                   10.00      10.00
  clock network delay (ideal)              0.50      10.50
  input external delay                     0.00      10.50 r
  isstring (in)                            0.02      10.52 r
  U777/Y (INVX3)                           0.17      10.69 f
  U551/Y (NOR4X1)                          0.85      11.54 r
  U553/Y (NOR3BX2)                         0.86      12.40 r
  U638/Y (NAND2X1)                         0.25      12.64 f
  U637/Y (CLKBUFX3)                        0.72      13.36 f
  U840/Y (OAI2BB2XL)                       0.47      13.83 f
  string_reg[16][0]/D (DFFQX1)             0.00      13.83 f
  data arrival time                                  13.83

  clock clk (rise edge)                   20.00      20.00
  clock network delay (ideal)              0.50      20.50
  clock uncertainty                       -0.10      20.40
  string_reg[16][0]/CK (DFFQX1)            0.00      20.40 r
  library setup time                      -0.30      20.10
  data required time                                 20.10
  -----------------------------------------------------------
  data required time                                 20.10
  data arrival time                                 -13.83
  -----------------------------------------------------------
  slack (MET)                                         6.27


1
